This is pdfTeX, Version 3.141592653-2.6-1.40.24 (MiKTeX 22.1) (preloaded format=pdflatex 2022.2.23)  1 MAR 2022 12:53
entering extended mode
 restricted \write18 enabled.
 %&-line parsing enabled.
**./document.tex
(document.tex
LaTeX2e <2021-11-15>
L3 programming layer <2021-11-22>
(/home/syedalimohsinbukhari/.miktex/texmfs/install/tex/latex/base/article.cls
Document Class: article 2021/10/04 v1.4n Standard LaTeX document class
(/home/syedalimohsinbukhari/.miktex/texmfs/install/tex/latex/base/size10.clo
File: size10.clo 2021/10/04 v1.4n Standard LaTeX file (size option)
)
\c@part=\count183
\c@section=\count184
\c@subsection=\count185
\c@subsubsection=\count186
\c@paragraph=\count187
\c@subparagraph=\count188
\c@figure=\count189
\c@table=\count190
\abovecaptionskip=\skip47
\belowcaptionskip=\skip48
\bibindent=\dimen138
)
(/home/syedalimohsinbukhari/.miktex/texmfs/install/tex/latex/base/inputenc.sty
Package: inputenc 2021/02/14 v1.3d Input encoding file
\inpenc@prehook=\toks16
\inpenc@posthook=\toks17
) (/home/syedalimohsinbukhari/.miktex/texmfs/install/tex/latex/base/fontenc.sty
Package: fontenc 2021/04/29 v2.0v Standard LaTeX package
)
(/home/syedalimohsinbukhari/.miktex/texmfs/install/tex/latex/amsmath/amsmath.st
y
Package: amsmath 2021/10/15 v2.17l AMS math features
\@mathmargin=\skip49

For additional information on amsmath, use the `?' option.

(/home/syedalimohsinbukhari/.miktex/texmfs/install/tex/latex/amsmath/amstext.st
y
Package: amstext 2021/08/26 v2.01 AMS text

(/home/syedalimohsinbukhari/.miktex/texmfs/install/tex/latex/amsmath/amsgen.sty
File: amsgen.sty 1999/11/30 v2.0 generic functions
\@emptytoks=\toks18
\ex@=\dimen139
))
(/home/syedalimohsinbukhari/.miktex/texmfs/install/tex/latex/amsmath/amsbsy.sty
Package: amsbsy 1999/11/29 v1.2d Bold Symbols
\pmbraise@=\dimen140
)
(/home/syedalimohsinbukhari/.miktex/texmfs/install/tex/latex/amsmath/amsopn.sty
Package: amsopn 2021/08/26 v2.02 operator names
)
\inf@bad=\count191
LaTeX Info: Redefining \frac on input line 234.
\uproot@=\count192
\leftroot@=\count193
LaTeX Info: Redefining \overline on input line 399.
\classnum@=\count194
\DOTSCASE@=\count195
LaTeX Info: Redefining \ldots on input line 496.
LaTeX Info: Redefining \dots on input line 499.
LaTeX Info: Redefining \cdots on input line 620.
\Mathstrutbox@=\box50
\strutbox@=\box51
\big@size=\dimen141
LaTeX Font Info:    Redeclaring font encoding OML on input line 743.
LaTeX Font Info:    Redeclaring font encoding OMS on input line 744.
\macc@depth=\count196
\c@MaxMatrixCols=\count197
\dotsspace@=\muskip16
\c@parentequation=\count198
\dspbrk@lvl=\count199
\tag@help=\toks19
\row@=\count266
\column@=\count267
\maxfields@=\count268
\andhelp@=\toks20
\eqnshift@=\dimen142
\alignsep@=\dimen143
\tagshift@=\dimen144
\tagwidth@=\dimen145
\totwidth@=\dimen146
\lineht@=\dimen147
\@envbody=\toks21
\multlinegap=\skip50
\multlinetaggap=\skip51
\mathdisplay@stack=\toks22
LaTeX Info: Redefining \[ on input line 2938.
LaTeX Info: Redefining \] on input line 2939.
)
(/home/syedalimohsinbukhari/.miktex/texmfs/install/tex/latex/amsfonts/amssymb.s
ty
Package: amssymb 2013/01/14 v3.01 AMS font symbols

(/home/syedalimohsinbukhari/.miktex/texmfs/install/tex/latex/amsfonts/amsfonts.
sty
Package: amsfonts 2013/01/14 v3.01 Basic AMSFonts support
\symAMSa=\mathgroup4
\symAMSb=\mathgroup5
LaTeX Font Info:    Redeclaring math symbol \hbar on input line 98.
LaTeX Font Info:    Overwriting math alphabet `\mathfrak' in version `bold'
(Font)                  U/euf/m/n --> U/euf/b/n on input line 106.
))
(/home/syedalimohsinbukhari/.miktex/texmfs/install/tex/latex/base/makeidx.sty
Package: makeidx 2021/10/04 v1.0m Standard LaTeX package
)
(/home/syedalimohsinbukhari/.miktex/texmfs/install/tex/latex/graphics/graphicx.
sty
Package: graphicx 2021/09/16 v1.2d Enhanced LaTeX Graphics (DPC,SPQR)

(/home/syedalimohsinbukhari/.miktex/texmfs/install/tex/latex/graphics/keyval.st
y
Package: keyval 2014/10/28 v1.15 key=value parser (DPC)
\KV@toks@=\toks23
)
(/home/syedalimohsinbukhari/.miktex/texmfs/install/tex/latex/graphics/graphics.
sty
Package: graphics 2021/03/04 v1.4d Standard LaTeX Graphics (DPC,SPQR)

(/home/syedalimohsinbukhari/.miktex/texmfs/install/tex/latex/graphics/trig.sty
Package: trig 2021/08/11 v1.11 sin cos tan (DPC)
)
(/home/syedalimohsinbukhari/.miktex/texmfs/install/tex/latex/graphics-cfg/graph
ics.cfg
File: graphics.cfg 2016/06/04 v1.11 sample graphics configuration
)
Package graphics Info: Driver file: pdftex.def on input line 107.

(/home/syedalimohsinbukhari/.miktex/texmfs/install/tex/latex/graphics-def/pdfte
x.def
File: pdftex.def 2020/10/05 v1.2a Graphics/color driver for pdftex
))
\Gin@req@height=\dimen148
\Gin@req@width=\dimen149
)
(/home/syedalimohsinbukhari/.miktex/texmfs/install/tex/latex/geometry/geometry.
sty
Package: geometry 2020/01/02 v5.9 Page Geometry

(/home/syedalimohsinbukhari/.miktex/texmfs/install/tex/generic/iftex/ifvtex.sty
Package: ifvtex 2019/10/25 v1.7 ifvtex legacy package. Use iftex instead.
(/home/syedalimohsinbukhari/.miktex/texmfs/install/tex/generic/iftex/iftex.sty
Package: iftex 2020/03/06 v1.0d TeX engine tests
))
\Gm@cnth=\count269
\Gm@cntv=\count270
\c@Gm@tempcnt=\count271
\Gm@bindingoffset=\dimen150
\Gm@wd@mp=\dimen151
\Gm@odd@mp=\dimen152
\Gm@even@mp=\dimen153
\Gm@layoutwidth=\dimen154
\Gm@layoutheight=\dimen155
\Gm@layouthoffset=\dimen156
\Gm@layoutvoffset=\dimen157
\Gm@dimlist=\toks24

(/home/syedalimohsinbukhari/.miktex/texmfs/install/tex/latex/geometry/geometry.
cfg))
(/home/syedalimohsinbukhari/.miktex/texmfs/install/tex/latex/hyperref/hyperref.
sty
Package: hyperref 2021-06-07 v7.00m Hypertext links for LaTeX

(/home/syedalimohsinbukhari/.miktex/texmfs/install/tex/generic/ltxcmds/ltxcmds.
sty
Package: ltxcmds 2020-05-10 v1.25 LaTeX kernel commands for general use (HO)
)
(/home/syedalimohsinbukhari/.miktex/texmfs/install/tex/generic/pdftexcmds/pdfte
xcmds.sty
Package: pdftexcmds 2020-06-27 v0.33 Utility functions of pdfTeX for LuaTeX (HO
)

(/home/syedalimohsinbukhari/.miktex/texmfs/install/tex/generic/infwarerr/infwar
err.sty
Package: infwarerr 2019/12/03 v1.5 Providing info/warning/error messages (HO)
)
Package pdftexcmds Info: \pdf@primitive is available.
Package pdftexcmds Info: \pdf@ifprimitive is available.
Package pdftexcmds Info: \pdfdraftmode found.
)
(/home/syedalimohsinbukhari/.miktex/texmfs/install/tex/generic/kvsetkeys/kvsetk
eys.sty
Package: kvsetkeys 2019/12/15 v1.18 Key value parser (HO)
)
(/home/syedalimohsinbukhari/.miktex/texmfs/install/tex/generic/kvdefinekeys/kvd
efinekeys.sty
Package: kvdefinekeys 2019-12-19 v1.6 Define keys (HO)
)
(/home/syedalimohsinbukhari/.miktex/texmfs/install/tex/generic/pdfescape/pdfesc
ape.sty
Package: pdfescape 2019/12/09 v1.15 Implements pdfTeX's escape features (HO)
)
(/home/syedalimohsinbukhari/.miktex/texmfs/install/tex/latex/hycolor/hycolor.st
y
Package: hycolor 2020-01-27 v1.10 Color options for hyperref/bookmark (HO)
)
(/home/syedalimohsinbukhari/.miktex/texmfs/install/tex/latex/letltxmacro/letltx
macro.sty
Package: letltxmacro 2019/12/03 v1.6 Let assignment for LaTeX macros (HO)
)
(/home/syedalimohsinbukhari/.miktex/texmfs/install/tex/latex/auxhook/auxhook.st
y
Package: auxhook 2019-12-17 v1.6 Hooks for auxiliary files (HO)
)
(/home/syedalimohsinbukhari/.miktex/texmfs/install/tex/latex/kvoptions/kvoption
s.sty
Package: kvoptions 2020-10-07 v3.14 Key value format for package options (HO)
)
\@linkdim=\dimen158
\Hy@linkcounter=\count272
\Hy@pagecounter=\count273

(/home/syedalimohsinbukhari/.miktex/texmfs/install/tex/latex/hyperref/pd1enc.de
f
File: pd1enc.def 2021-06-07 v7.00m Hyperref: PDFDocEncoding definition (HO)
Now handling font encoding PD1 ...
... no UTF-8 mapping file for font encoding PD1
)
(/home/syedalimohsinbukhari/.miktex/texmfs/install/tex/latex/hyperref/hyperref-
langpatches.def
File: hyperref-langpatches.def 2021-06-07 v7.00m Hyperref: patches for babel la
nguages
)
(/home/syedalimohsinbukhari/.miktex/texmfs/install/tex/generic/intcalc/intcalc.
sty
Package: intcalc 2019/12/15 v1.3 Expandable calculations with integers (HO)
)
(/home/syedalimohsinbukhari/.miktex/texmfs/install/tex/generic/etexcmds/etexcmd
s.sty
Package: etexcmds 2019/12/15 v1.7 Avoid name clashes with e-TeX commands (HO)
)
\Hy@SavedSpaceFactor=\count274

(/home/syedalimohsinbukhari/.miktex/texmfs/install/tex/latex/hyperref/puenc.def
File: puenc.def 2021-06-07 v7.00m Hyperref: PDF Unicode definition (HO)
Now handling font encoding PU ...
... no UTF-8 mapping file for font encoding PU
)
Package hyperref Info: Option `colorlinks' set `true' on input line 4073.
Package hyperref Info: Hyper figures OFF on input line 4192.
Package hyperref Info: Link nesting OFF on input line 4197.
Package hyperref Info: Hyper index ON on input line 4200.
Package hyperref Info: Plain pages OFF on input line 4207.
Package hyperref Info: Backreferencing OFF on input line 4212.
Package hyperref Info: Implicit mode ON; LaTeX internals redefined.
Package hyperref Info: Bookmarks ON on input line 4445.
\c@Hy@tempcnt=\count275
 (/home/syedalimohsinbukhari/.miktex/texmfs/install/tex/latex/url/url.sty
\Urlmuskip=\muskip17
Package: url 2013/09/16  ver 3.4  Verb mode for urls, etc.
)
LaTeX Info: Redefining \url on input line 4804.
\XeTeXLinkMargin=\dimen159

(/home/syedalimohsinbukhari/.miktex/texmfs/install/tex/generic/bitset/bitset.st
y
Package: bitset 2019/12/09 v1.3 Handle bit-vector datatype (HO)

(/home/syedalimohsinbukhari/.miktex/texmfs/install/tex/generic/bigintcalc/bigin
tcalc.sty
Package: bigintcalc 2019/12/15 v1.5 Expandable calculations on big integers (HO
)
))
\Fld@menulength=\count276
\Field@Width=\dimen160
\Fld@charsize=\dimen161
Package hyperref Info: Hyper figures OFF on input line 6076.
Package hyperref Info: Link nesting OFF on input line 6081.
Package hyperref Info: Hyper index ON on input line 6084.
Package hyperref Info: backreferencing OFF on input line 6091.
Package hyperref Info: Link coloring ON on input line 6094.
Package hyperref Info: Link coloring with OCG OFF on input line 6101.
Package hyperref Info: PDF/A mode OFF on input line 6106.
LaTeX Info: Redefining \ref on input line 6146.
LaTeX Info: Redefining \pageref on input line 6150.

(/home/syedalimohsinbukhari/.miktex/texmfs/install/tex/latex/base/atbegshi-ltx.
sty
Package: atbegshi-ltx 2021/01/10 v1.0c Emulation of the original atbegshi
package with kernel methods
)
\Hy@abspage=\count277
\c@Item=\count278
\c@Hfootnote=\count279
)
Package hyperref Info: Driver (autodetected): hpdftex.

(/home/syedalimohsinbukhari/.miktex/texmfs/install/tex/latex/hyperref/hpdftex.d
ef
File: hpdftex.def 2021-06-07 v7.00m Hyperref driver for pdfTeX

(/home/syedalimohsinbukhari/.miktex/texmfs/install/tex/latex/base/atveryend-ltx
.sty
Package: atveryend-ltx 2020/08/19 v1.0a Emulation of the original atveryend pac
kage
with kernel methods
)
\Fld@listcount=\count280
\c@bookmark@seq@number=\count281

(/home/syedalimohsinbukhari/.miktex/texmfs/install/tex/latex/rerunfilecheck/rer
unfilecheck.sty
Package: rerunfilecheck 2019/12/05 v1.9 Rerun checks for auxiliary files (HO)

(/home/syedalimohsinbukhari/.miktex/texmfs/install/tex/generic/uniquecounter/un
iquecounter.sty
Package: uniquecounter 2019/12/15 v1.4 Provide unlimited unique counter (HO)
)
Package uniquecounter Info: New unique counter `rerunfilecheck' on input line 2
86.
)
\Hy@SectionHShift=\skip52
)
(/home/syedalimohsinbukhari/.miktex/texmfs/install/tex/generic/babel/babel.sty
Package: babel 2022/02/13 3.71 The Babel package
\babel@savecnt=\count282
\U@D=\dimen162
\l@unhyphenated=\language1

(/home/syedalimohsinbukhari/.miktex/texmfs/install/tex/generic/babel/txtbabel.d
ef)
\bbl@readstream=\read2
\bbl@dirlevel=\count283

*************************************
* Local config file bblopts.cfg used
*
(/home/syedalimohsinbukhari/.miktex/texmfs/install/tex/latex/arabi/bblopts.cfg
File: bblopts.cfg 2005/09/08 v0.1 add Arabic and Farsi to "declared" options of
 babel
)
(/home/syedalimohsinbukhari/.miktex/texmfs/install/tex/latex/babel-english/engl
ish.ldf
Language: english 2017/06/06 v3.3r English support from the babel system
))
(/home/syedalimohsinbukhari/.miktex/texmfs/install/tex/latex/siunitx/siunitx.st
y
Package: siunitx 2021-11-18 v3.0.36 A comprehensive (SI) units package
\l__siunitx_angle_tmp_dim=\dimen163
\l__siunitx_angle_marker_box=\box52
\l__siunitx_angle_unit_box=\box53
\l__siunitx_compound_count_int=\count284

(/home/syedalimohsinbukhari/.miktex/texmfs/install/tex/latex/translations/trans
lations.sty
Package: translations 2021/01/17 v1.10a internationalization of LaTeX2e package
s (CN)

(/home/syedalimohsinbukhari/.miktex/texmfs/install/tex/latex/etoolbox/etoolbox.
sty
Package: etoolbox 2020/10/05 v2.5k e-TeX tools for LaTeX (JAW)
\etb@tempcnta=\count285
))
\l__siunitx_number_exponent_fixed_int=\count286
\l__siunitx_number_min_decimal_int=\count287
\l__siunitx_number_min_integer_int=\count288
\l__siunitx_number_round_precision_int=\count289
\l__siunitx_number_group_minimum_int=\count290
\l__siunitx_table_tmp_box=\box54
\l__siunitx_table_tmp_dim=\dimen164
\l__siunitx_table_column_width_dim=\dimen165
\l__siunitx_table_integer_box=\box55
\l__siunitx_table_decimal_box=\box56
\l__siunitx_table_before_box=\box57
\l__siunitx_table_after_box=\box58
\l__siunitx_table_before_dim=\dimen166
\l__siunitx_table_carry_dim=\dimen167
\l__siunitx_unit_tmp_int=\count291
\l__siunitx_unit_position_int=\count292
\l__siunitx_unit_total_int=\count293

(/home/syedalimohsinbukhari/.miktex/texmfs/install/tex/latex/l3packages/l3keys2
e/l3keys2e.sty
(/home/syedalimohsinbukhari/.miktex/texmfs/install/tex/latex/l3kernel/expl3.sty
Package: expl3 2021-11-22 L3 programming layer (loader) 

(/home/syedalimohsinbukhari/.miktex/texmfs/install/tex/latex/l3backend/l3backen
d-pdftex.def
File: l3backend-pdftex.def 2021-10-18 L3 backend support: PDF output (pdfTeX)
\l__color_backend_stack_int=\count294
\l__pdf_internal_box=\box59
))
Package: l3keys2e 2021-11-12 LaTeX2e option processing using LaTeX3 keys
)
(/home/syedalimohsinbukhari/.miktex/texmfs/install/tex/latex/tools/array.sty
Package: array 2021/10/04 v2.5f Tabular extension package (FMi)
\col@sep=\dimen168
\ar@mcellbox=\box60
\extrarowheight=\dimen169
\NC@list=\toks25
\extratabsurround=\skip53
\backup@length=\skip54
\ar@cellbox=\box61
))
(/home/syedalimohsinbukhari/.miktex/texmfs/install/tex/latex/booktabs/booktabs.
sty
Package: booktabs 2020/01/12 v1.61803398 Publication quality tables
\heavyrulewidth=\dimen170
\lightrulewidth=\dimen171
\cmidrulewidth=\dimen172
\belowrulesep=\dimen173
\belowbottomsep=\dimen174
\aboverulesep=\dimen175
\abovetopsep=\dimen176
\cmidrulesep=\dimen177
\cmidrulekern=\dimen178
\defaultaddspace=\dimen179
\@cmidla=\count295
\@cmidlb=\count296
\@aboverulesep=\dimen180
\@belowrulesep=\dimen181
\@thisruleclass=\count297
\@lastruleclass=\count298
\@thisrulewidth=\dimen182
) (minipage.sty)
(/home/syedalimohsinbukhari/.miktex/texmfs/install/tex/latex/caption/subcaption
.sty
Package: subcaption 2020/10/07 v1.3j Sub-captions (AR)

(/home/syedalimohsinbukhari/.miktex/texmfs/install/tex/latex/caption/caption.st
y
Package: caption 2020/10/26 v3.5g Customizing captions (AR)

(/home/syedalimohsinbukhari/.miktex/texmfs/install/tex/latex/caption/caption3.s
ty
Package: caption3 2020/10/21 v2.2e caption3 kernel (AR)
\captionmargin=\dimen183
\captionmargin@=\dimen184
\captionwidth=\dimen185
\caption@tempdima=\dimen186
\caption@indent=\dimen187
\caption@parindent=\dimen188
\caption@hangindent=\dimen189
Package caption Info: Standard document class detected.
)
\c@caption@flags=\count299
\c@continuedfloat=\count300
Package caption Info: hyperref package is loaded.
)
\c@subfigure=\count301
\c@subtable=\count302
)

LaTeX Warning: Unused global option(s):
    [report].

(document.aux)
\openout1 = `document.aux'.

LaTeX Font Info:    Checking defaults for OML/cmm/m/it on input line 18.
LaTeX Font Info:    ... okay on input line 18.
LaTeX Font Info:    Checking defaults for OMS/cmsy/m/n on input line 18.
LaTeX Font Info:    ... okay on input line 18.
LaTeX Font Info:    Checking defaults for OT1/cmr/m/n on input line 18.
LaTeX Font Info:    ... okay on input line 18.
LaTeX Font Info:    Checking defaults for T1/cmr/m/n on input line 18.
LaTeX Font Info:    ... okay on input line 18.
LaTeX Font Info:    Checking defaults for TS1/cmr/m/n on input line 18.
LaTeX Font Info:    ... okay on input line 18.
LaTeX Font Info:    Checking defaults for OMX/cmex/m/n on input line 18.
LaTeX Font Info:    ... okay on input line 18.
LaTeX Font Info:    Checking defaults for U/cmr/m/n on input line 18.
LaTeX Font Info:    ... okay on input line 18.
LaTeX Font Info:    Checking defaults for PD1/pdf/m/n on input line 18.
LaTeX Font Info:    ... okay on input line 18.
LaTeX Font Info:    Checking defaults for PU/pdf/m/n on input line 18.
LaTeX Font Info:    ... okay on input line 18.

(/home/syedalimohsinbukhari/.miktex/texmfs/install/tex/context/base/mkii/supp-p
df.mkii
[Loading MPS to PDF converter (version 2006.09.02).]
\scratchcounter=\count303
\scratchdimen=\dimen190
\scratchbox=\box62
\nofMPsegments=\count304
\nofMParguments=\count305
\everyMPshowfont=\toks26
\MPscratchCnt=\count306
\MPscratchDim=\dimen191
\MPnumerator=\count307
\makeMPintoPDFobject=\count308
\everyMPtoPDFconversion=\toks27
)
(/home/syedalimohsinbukhari/.miktex/texmfs/install/tex/latex/epstopdf-pkg/epsto
pdf-base.sty
Package: epstopdf-base 2020-01-24 v2.11 Base part for package epstopdf
Package epstopdf-base Info: Redefining graphics rule for `.eps' on input line 4
85.

(/home/syedalimohsinbukhari/.miktex/texmfs/install/tex/latex/00miktex/epstopdf-
sys.cfg
File: epstopdf-sys.cfg 2021/03/18 v2.0 Configuration of epstopdf for MiKTeX
))
*geometry* driver: auto-detecting
*geometry* detected driver: pdftex
*geometry* verbose mode - [ preamble ] result:
* driver: pdftex
* paper: <default>
* layout: <same size as paper>
* layoutoffset:(h,v)=(0.0pt,0.0pt)
* modes: 
* h-part:(L,W,R)=(92.14519pt, 430.00462pt, 92.14519pt)
* v-part:(T,H,B)=(95.39737pt, 556.47656pt, 143.09605pt)
* \paperwidth=614.295pt
* \paperheight=794.96999pt
* \textwidth=430.00462pt
* \textheight=556.47656pt
* \oddsidemargin=19.8752pt
* \evensidemargin=19.8752pt
* \topmargin=-13.87262pt
* \headheight=12.0pt
* \headsep=25.0pt
* \topskip=10.0pt
* \footskip=30.0pt
* \marginparwidth=65.0pt
* \marginparsep=11.0pt
* \columnsep=10.0pt
* \skip\footins=9.0pt plus 4.0pt minus 2.0pt
* \hoffset=0.0pt
* \voffset=0.0pt
* \mag=1000
* \@twocolumnfalse
* \@twosidefalse
* \@mparswitchfalse
* \@reversemarginfalse
* (1in=72.27pt=25.4mm, 1cm=28.453pt)


(/home/syedalimohsinbukhari/.miktex/texmfs/install/tex/latex/graphics/color.sty
Package: color 2021/10/11 v1.3b Standard LaTeX Color (DPC)

(/home/syedalimohsinbukhari/.miktex/texmfs/install/tex/latex/graphics-cfg/color
.cfg
File: color.cfg 2016/01/02 v1.6 sample color configuration
)
Package color Info: Driver file: pdftex.def on input line 149.
)
Package hyperref Info: Link coloring ON on input line 18.

(/home/syedalimohsinbukhari/.miktex/texmfs/install/tex/latex/hyperref/nameref.s
ty
Package: nameref 2021-04-02 v2.47 Cross-referencing by name of section

(/home/syedalimohsinbukhari/.miktex/texmfs/install/tex/latex/refcount/refcount.
sty
Package: refcount 2019/12/15 v3.6 Data extraction from label references (HO)
)
(/home/syedalimohsinbukhari/.miktex/texmfs/install/tex/generic/gettitlestring/g
ettitlestring.sty
Package: gettitlestring 2019/12/15 v1.6 Cleanup title references (HO)
)
\c@section@level=\count309
)
LaTeX Info: Redefining \ref on input line 18.
LaTeX Info: Redefining \pageref on input line 18.
LaTeX Info: Redefining \nameref on input line 18.
 (document.out) (document.out)
\@outlinefile=\write3
\openout3 = `document.out'.



LaTeX hooks Warning: Generic hook
(hooks)              'file/after/translations-basic-dictionary-english.trsl'
(hooks)              is deprecated.
(hooks)              Use hook
(hooks)              'file/translations-basic-dictionary-english.trsl/after'
(hooks)              instead.


(/home/syedalimohsinbukhari/.miktex/texmfs/install/tex/latex/translations/dicts
/translations-basic-dictionary-english.trsl
File: translations-basic-dictionary-english.trsl (english translation file `tra
nslations-basic-dictionary')
)
Package translations Info: loading dictionary `translations-basic-dictionary' f
or `english'. on input line 18.
Package caption Info: Begin \AtBeginDocument code.
Package caption Info: End \AtBeginDocument code.
LaTeX Font Info:    Trying to load font information for U+msa on input line 20.


(/home/syedalimohsinbukhari/.miktex/texmfs/install/tex/latex/amsfonts/umsa.fd
File: umsa.fd 2013/01/14 v3.01 AMS symbols A
)
LaTeX Font Info:    Trying to load font information for U+msb on input line 20.


(/home/syedalimohsinbukhari/.miktex/texmfs/install/tex/latex/amsfonts/umsb.fd
File: umsb.fd 2013/01/14 v3.01 AMS symbols B
)
Overfull \hbox (2.60072pt too wide) in paragraph at lines 27--45
 [][] 
 []

<../TI/Ep0__eipeak_eisotropic.pdf, id=28, 722.7pt x 578.16pt>
File: ../TI/Ep0__eipeak_eisotropic.pdf Graphic file (type pdf)
<use ../TI/Ep0__eipeak_eisotropic.pdf>
Package pdftex.def Info: ../TI/Ep0__eipeak_eisotropic.pdf  used on input line 5
0.
(pdftex.def)             Requested size: 206.40038pt x 165.12137pt.

Overfull \hbox (2.60072pt too wide) in paragraph at lines 59--77
 [][] 
 []

<../ep1/Ep1__eipeak_eisotropic.pdf, id=29, 722.7pt x 578.16pt>
File: ../ep1/Ep1__eipeak_eisotropic.pdf Graphic file (type pdf)
<use ../ep1/Ep1__eipeak_eisotropic.pdf>
Package pdftex.def Info: ../ep1/Ep1__eipeak_eisotropic.pdf  used on input line 
82.
(pdftex.def)             Requested size: 206.40038pt x 165.12137pt.

Overfull \hbox (2.60072pt too wide) in paragraph at lines 91--109
 [][] 
 []

<../ep2/Ep2__eipeak_eisotropic.pdf, id=30, 722.7pt x 578.16pt>
File: ../ep2/Ep2__eipeak_eisotropic.pdf Graphic file (type pdf)
<use ../ep2/Ep2__eipeak_eisotropic.pdf>
Package pdftex.def Info: ../ep2/Ep2__eipeak_eisotropic.pdf  used on input line 
113.
(pdftex.def)             Requested size: 206.40038pt x 165.12137pt.
[1

{/home/syedalimohsinbukhari/.miktex/texmfs/data/fonts/map/pdftex/pdftex.map} <.
./TI/Ep0__eipeak_eisotropic.pdf> <../ep1/Ep1__eipeak_eisotropic.pdf>]
Overfull \hbox (2.60072pt too wide) in paragraph at lines 122--140
 [][] 
 []

<../ep3/Ep3__eipeak_eisotropic.pdf, id=118, 722.7pt x 578.16pt>
File: ../ep3/Ep3__eipeak_eisotropic.pdf Graphic file (type pdf)
<use ../ep3/Ep3__eipeak_eisotropic.pdf>
Package pdftex.def Info: ../ep3/Ep3__eipeak_eisotropic.pdf  used on input line 
144.
(pdftex.def)             Requested size: 206.40038pt x 165.12137pt.
[2 <../ep2/Ep2__eipeak_eisotropic.pdf> <../ep3/Ep3__eipeak_eisotropic.pdf>]
<eisoep_compare.pdf, id=184, 722.7pt x 578.16pt>
File: eisoep_compare.pdf Graphic file (type pdf)
<use eisoep_compare.pdf>
Package pdftex.def Info: eisoep_compare.pdf  used on input line 153.
(pdftex.def)             Requested size: 430.00462pt x 344.00505pt.
<../../LCs/0_064/lc_discontinuous_eps__extra.pdf, id=187, 722.7pt x 505.89pt>
File: ../../LCs/0_064/lc_discontinuous_eps__extra.pdf Graphic file (type pdf)
<use ../../LCs/0_064/lc_discontinuous_eps__extra.pdf>
Package pdftex.def Info: ../../LCs/0_064/lc_discontinuous_eps__extra.pdf  used 
on input line 167.
(pdftex.def)             Requested size: 430.00462pt x 301.00441pt.

[3 <./eisoep_compare.pdf>] [4 <../../LCs/0_064/lc_discontinuous_eps__extra.pdf>
] (document.aux)
Package rerunfilecheck Info: File `document.out' has not changed.
(rerunfilecheck)             Checksum: BD79EE3EDAB56288DCC833374220C186;1247.
 ) 
Here is how much of TeX's memory you used:
 16371 strings out of 480594
 316724 string characters out of 2896515
 599659 words of memory out of 3000000
 34017 multiletter control sequences out of 15000+600000
 418997 words of font info for 69 fonts, out of 8000000 for 9000
 0 hyphenation exceptions out of 8191
 68i,12n,77p,695b,766s stack positions out of 5000i,500n,10000p,200000b,80000s
{/home/syedalimohsinbukhari/.miktex/texmfs/install/fonts/enc/dvips/cm-super/c
m-super-t1.enc}</home/syedalimohsinbukhari/.miktex/texmfs/install/fonts/type1/p
ublic/amsfonts/cm/cmmi10.pfb></home/syedalimohsinbukhari/.miktex/texmfs/install
/fonts/type1/public/amsfonts/cm/cmmi12.pfb></home/syedalimohsinbukhari/.miktex/
texmfs/install/fonts/type1/public/amsfonts/cm/cmr10.pfb></home/syedalimohsinbuk
hari/.miktex/texmfs/install/fonts/type1/public/amsfonts/cm/cmr12.pfb></home/sye
dalimohsinbukhari/.miktex/texmfs/install/fonts/type1/public/amsfonts/cm/cmr6.pf
b></home/syedalimohsinbukhari/.miktex/texmfs/install/fonts/type1/public/amsfont
s/cm/cmr7.pfb></home/syedalimohsinbukhari/.miktex/texmfs/install/fonts/type1/pu
blic/amsfonts/cm/cmr8.pfb></home/syedalimohsinbukhari/.miktex/texmfs/install/fo
nts/type1/public/amsfonts/cm/cmsy10.pfb></home/syedalimohsinbukhari/.miktex/tex
mfs/install/fonts/type1/public/amsfonts/cm/cmsy6.pfb></home/syedalimohsinbukhar
i/.miktex/texmfs/install/fonts/type1/public/amsfonts/cm/cmsy8.pfb></home/syedal
imohsinbukhari/.miktex/texmfs/install/fonts/type1/public/cm-super/sfbx1000.pfb>
</home/syedalimohsinbukhari/.miktex/texmfs/install/fonts/type1/public/cm-super/
sfbx1440.pfb></home/syedalimohsinbukhari/.miktex/texmfs/install/fonts/type1/pub
lic/cm-super/sfrm0600.pfb></home/syedalimohsinbukhari/.miktex/texmfs/install/fo
nts/type1/public/cm-super/sfrm0700.pfb></home/syedalimohsinbukhari/.miktex/texm
fs/install/fonts/type1/public/cm-super/sfrm0800.pfb></home/syedalimohsinbukhari
/.miktex/texmfs/install/fonts/type1/public/cm-super/sfrm1000.pfb></home/syedali
mohsinbukhari/.miktex/texmfs/install/fonts/type1/public/cm-super/sfrm1200.pfb><
/home/syedalimohsinbukhari/.miktex/texmfs/install/fonts/type1/public/cm-super/s
frm1728.pfb>
Output written on document.pdf (4 pages, 353972 bytes).
PDF statistics:
 367 PDF objects out of 1000 (max. 8388607)
 14 named destinations out of 1000 (max. 500000)
 79 words of extra memory for PDF output out of 10000 (max. 10000000)

